500
0 6013 2116 2571 8210 7103 2896 2893 6408 1786 702 502 9064 8462 84 7880 5504 1042 2121
1 1162 3691 3271 3261 1266 8412 3804 2707 4365 1561 8477 8118 152 4071 3728 9007 4199
2 2880 5314 6572 4589 7973 5007 3690 8214 6661 4193 3102 4962 5156 7699
3 8272 3438 9819 9292 5188 360 728 8324 3663 436 3697 1137 7575 3032 321 2
4 3007 2025 739 2208 6232 5601 3018 5500 3895 8886 2619 5381 5224
5 5425 6168 1228 6702 9115 8760 71 3161 7457 1998 6214 625 6635
6 1781 8031 6988 6724 3718 3283 6846 3090 9953 5119 1555 4923 1149 6613
7 162 5274 9353 9958 1865 520 4852 3360 1755 6262 3894
8 3441 4270 8971 9277 4143 555 5763 6240 2482 2683 5219 935
9 5941 6518 8108 1279 4489 1689 8280 2041 8439 7153
10 3123 8427 9243 8029 6267 7332 932 4871 4738 5045 296 9669 7296 2240
11 3126 1923 2483 7660 6202 4532 2608 6583 8265 668 3698 8224 5543 1774 2288 4199
12 7589 3525 3778 4685 586 5456 5447 6833 9395 7861 4401 1348 5412
13 4410 8854 8361 8717 323 7818 9122 5444 4800 4988 2003 2155 7791 9013 3012
14 9917 7238 8075 8168 4987 9065 8521 202 4391 5294 7111 1039 2139 7987 2892 4765 6534 8994
15 5 4931 4370 5274 6795 1747 5491 1691 5574 9678 8293 5762 2643 3012
16 4869 5455 1527 825 2503 3182 2849 2305 1339 3894 2121 5715
17 8166 2506 2108 2367 8234 7500 411 8533 1830 2552 6453 3723 5885 3074
18 4740 2423 6064 3987 1226 5920 9407 6171 2557 3716 286 7820 2288
19 8520 5348 111 7278 5818 229 7311 6037 6079 2737 5237 5543 4531 3602
20 3203 5276 1683 2527 4249 8624 7726 4349 7233 2969 588 630 8723 8836 7949
21 5133 1573 3301 9288 5378 2091 6928 7302 1439 2932 5340 79
22 5674 433 5924 1015 9298 7738 6995 9254 2294 7952 2480 4664 9007
23 12 1872 2456 2516 7684 2559 9384 7005 2308 8238 5618 6842 1260 8484 7438
24 3857 6342 3121 1610 7633 8207 6923 9944 2164 2971 8778 489 9933 9244 5715
25 4560 8492 3862 5640 5420 9696 7269 9694 3801 199 2962
26 1663 8149 5527 8357 57 8331 4873 525 9813 6664 3199 7055 5715
27 5018 5510 9463 5330 4897 2168 4936 3452 1482 1405 4282 4647 9075
28 8616 1908 4672 3588 4456 4543 8356 897 4276 5062 921 5748 935 321
29 9634 4248 4611 7156 7731 2801 567 2229 6333 4317 9968 79
30 1768 3351 7128 4525 4001 6805 5221 6996 207 8722 7429 3936
31 1372 8161 5844 1806 5914 6958 5022 2268 3504 2650 8644 3877
32 558 9644 4630 9064 5278 5498 7307 4182 2047 2817 8910 979
33 3197 1187 7024 7873 5773 6685 5267 9113 3356 5497 2405 842 3989 447 8431
34 2347 2535 1564 350 7197 6112 3966 5044 5290 6666 6067 1668
35 1849 2656 9762 4496 1675 7824 8585 3173 9729 7314 3731 7026 6161 6613
36 9172 2840 5950 1157 627 5336 6971 6472 8336 6868 367 2768 2666
37 5749 6304 4529 2104 3623 8854 8224 3913 3577 1390 1114 3882 9822 2790 9533
38 4243 5261 5561 5658 2841 5652 8399 9186 8288 183
39 4653 765 6897 6602 1983 8739 684 2674 3179 2318 2114 7949
40 2925 7945 820 9656 5392 6247 5435 8988 5557 7385 6075 6225 1986 7762
41 6571 9722 1913 9670 9704 3698 6663 6210 550 2842 3665 8386 951 6938
42 8550 7177 714 6171 3181 2995 5720 3041 3297 3051 1117 2986
43 1038 3619 6821 9469 5889 3055 9941 3337 4958 5340
44 9372 3329 5024 3992 3995 3611 6510 6759 4907 2212 7179 5962
45 7628 6781 6587 5186 2530 3202 9274 7727 3265 136 1095 1752 321
46 1166 8542 481 8575 1997 6945 6907 4420 1694 480 9846 2600 254 8069
47 1700 9202 9914 8076 3881 4429 4443 2433 5263 713 6100 3468 4985 5437 569 2962
48 2188 375 503 6993 1660 2400 6617 6727 314 471 1067 1150 3885 2240
49 8803 537 1371 7655 3467 6619 9016 9409 6577 6014 1534
50 3442 3729 9256 6357 3713 48 2722 6328 658 9719 1145 5715
51 9845 2567 5839 1402 7906 7353 9711 3946 7242 4761 6636 8345 7219 8130 7652
52 3689 8483 3059 4600 1308 7344 3276 1028 3448 3827 847 79
53 8070 7052 6570 2751 3361 4588 4122 2890 4935 640
54 8353 2602 86 7938 9857 6413 3115 5327 1703 2906 2704 4035 4199
55 9082 4193 4686 5805 7659 2032 3128 905 5552 162 6629 3969 3784 3111 8134 2555
56 5265 6557 8560 8044 1639 9661 6857 5145 8346 7036 2842 2639 6889 2
57 6119 6157 15 2357 9585 6248 5554 5992 110 4702 4433 9253 3726 7762
58 4511 3100 265 576 4146 3911 8308 3176 4620 8702 9470 9008 9842
59 4583 9096 6158 2364 1563 29 2664 666 6748 5912 5052 1560 8491
60 2655 8020 4369 1592 7033 551 1520 4454 9214 9302 5548 4824
61 5625 3613 4191 2972 1635 8772 5905 6186 758 2351 427
62 7369 8686 7551 9691 1378 6655 8458 7019 4814 9088 8450 3703 7997 5412
63 8385 8847 1991 3735 23 5041 1626 175 9638 1666 8269 6584 2
64 9052 6371 271 1027 7343 9236 8629 5364 1363 5175 9842 321
65 4325 7653 6595 68 8195 6472 5266 7146 5958 8697 5572 6752 8557 5385 1686 1868 8387 9244
66 2695 7338 8370 7211 9782 2275 53 9643 1814 6547 79
67 1852 5803 5410 747 2450 1029 3378 6007 287 8493 208
68 3389 1052 3422 2536 7100 6834 5671 5595 9067 2095 6258
69 1718 1301 4500 1165 7478 9439 4770 8707 6931 9315 5470 8386 9903 3982
70 8625 7226 9921 6719 3565 3979 7942 6040 7839 8685 8125
71 3446 5418 4248 8852 2514 3768 6024 8972 1726 5251 6537
72 4408 7648 1613 8590 8559 9487 621 662 6459 8930 8826 695 3304 8387
73 3548 2140 9966 917 7506 3519 5240 3756 8865 2390 1675 9720 7153
74 7310 2197 4758 2715 9586 9438 5101 125 5578 9609 5532 3839 6226 148
75 2959 7620 7382 8670 2456 5119 9345 4061 6825 4780 5053
76 8304 9290 8605 846 6828 5631 6569 8422 8546 5566 7306 4045 9842
77 655 6109 6888 5792 9696 8175 8505 7215 2049 9579 5099
78 5305 7552 7043 5529 108 2854 1547 2343 8178 2361 5194 925 3936
79 9257 7251 6337 255 5685 4041 8270 2948 9572 9181 4717 6855 3163 2
80 6604 9650 8165 3436 9229 1347 4344 4875 5238 2147 4787 8125
81 4214 3514 5454 1130 1883 4705 9222 3849 9668 1903 9589 8223 2113 843 3877
82 4421 1239 3452 8575 2163 6667 7069 9739 7432 5169 8528 7219
83 9752 7914 7865 4867 4477 8895 9379 860 5386 7652 2288
84 8383 7308 3692 2796 3669 279 3402 341 9820 1163 6030
85 8968 7110 5308 9226 3168 9886 2716 5256 2681 769 3539 752 6554 6467 9533 427
86 4693 7311 3747 4961 4706 992 1748 6929 676 3493 2407 9545
87 6576 134 9571 9159 126 968 9458 2178 944 4495 9460 340 1299
88 9850 5956 9192 6639 7159 5664 2289 8444 7986 1803 1794 1209 4341
89 5354 9112 5036 2749 1915 3824 736 3913 8488 6473 3012 2962
90 4982 4447 7265 9983 4485 626 6813 5913 6355 5902
91 8035 9210 6241 6568 7533 9284 6968 3250 2913 7641 7438
92 2998 1129 5682 7866 8153 9910 9471 1170 5840 1336 3043 3982
93 7213 6418 1032 4807 4147 1284 4841 3601 3754 4806 1019 6176 937 1984
94 3500 9686 9077 805 7398 1003 4409 7156 4820 8673 1860 2038 6054 7413
95 4990 4519 9220 5537 7245 8745 7089 670 8134
96 1736 51 6680 5069 7590 7035 8659 5727 8532 9511 4019 8160 322 3231 3752 6487 3371 9968
97 6730 3095 9231 6213 1344 5986 1259 83 9116 6605 3195 4240 3488 3364 205 5412
98 9610 7176 9291 5577 8191 2985 6929 4047 692 2670 5583 6672 2986
99 1776 6700 123 3439 4266 5568 5524 1463 1645 8279 9623 3830
100 2222 8847 3671 8305 7913 7051 3174 6228 7836 3498 2699 2327
101 9382 7969 5011 6788 7381 2599 14 5827 1880 2322 2555
102 3506 1037 2217 8309 5508 1487 8774 779 870 3675 7709
103 7318 8028 1522 2453 7571 8226 4681 4030 6745 861 5483 2943 1774
104 5811 6180 2772 4443 8148 7516 915 6325 9838 4047 9621 2589 2136 1625 6938
105 1470 6297 5372 8033 334 8179 4934 6940 4594 9654 3403 4442
106 3069 8047 9128 5926 5035 7705 3421 1364 9036 8470 935
107 7959 4504 4261 6830 4796 4126 3927 5702 3722 6363 3726 5751 4831 1798 8121
108 6582 3060 605 6988 1389 5300 195 8660 8857 4439 5062 3398 1606 9753
109 5782 2485 5382 7658 7278 1760 466 3299 7631 744 1561 32 4326
110 4684 261 2377 7027 6919 7079 8952 6646 7480 7399 7458 9504 5816 3232 7762
111 7721 3534 7051 5717 1727 5567 5710 1586 507 201 3835 4199
112 9915 2659 2257 1247 4135 5558 5769 43 2609 6651 5349 2264
113 9377 4138 7558 6255 6963 6493 7665 6768 9621 7493 3237 1272 3006 9533
114 6379 612 682 5405 5707 4683 3122 72 5277 4437 8125
115 6194 7666 9864 2151 1517 1489 9419 9557 7496 3533 1341 9032 3783 8994
116 8750 5587 9405 445 4082 2023 8590 8645 6155 8343
117 3557 2553 9361 237 5202 2823 2684 1212 9101 5082 2537 8193 7949
118 6866 1489 7170 7453 226 3949 572 2111 5329 9380 4619 9615 9968
119 9860 48 3400 8547 5614 5009 2263 3211 9938 6909 1354 3707 2745 7092 5748
120 7288 2002 7486 6386 8753 6983 9309 1370 3310 2776 3677 5834 8893 2545 1695 7413
121 3592 5316 5712 4320 5877 7069 2928 3030 8813 4237 4604 560 6178 7133 6021
122 5238 5264 8281 657 2447 5757 7678 4440 3616 5821
123 6410 7127 171 545 4005 8263 2186 3134 5074 852 8887 5283 1583 6635 1668
124 5725 7530 7209 6500 3420 2621 5419 7334 7547 8973 971 8498 5880
125 6573 8071 9544 8903 3820 1838 9521 9169 498 8254 7263 5514 8136 6502 6712 979
126 2181 5463 6806 944 3555 2165 9790 7973 1614 5683 1079 5507
127 2342 9804 7207 5513 190 6606 9611 4472 2510 7632 7935 9931 3012
128 119 1938 4097 7536 8052 9776 8439 1993 3952 5796 7456 5762
129 7943 953 3413 4336 564 4265 8581 7608 5930 1248 397 955 5259 1329 5401 2292
130 8073 7377 4285 5952 653 152 532 9796 9605 3553 4400 259
131 1129 1349 5683 1087 2126 1680 3765 5551 6718 4150 866
132 2018 6999 3150 5506 2242 8418 3464 1340 9186 7130 8941 979
133 160 3971 7271 6511 2143 500 3645 2946 609 5193 8716 3074
134 9584 9928 3387 1024 5133 7109 6607 8598 8078 2679 1979 3894
135 4993 1514 8626 5058 624 8674 4815 1192 5241 5926 4077 4843 105 7153
136 9726 8772 603 2919 1698 4729 4067 6207 3453 4057 3023 4314 7652
137 3116 9590 2435 6933 2758 9333 4916 3641 2452 1473 813 6853 6608
138 2997 9543 8006 1333 9455 4430 8433 251 319 8092 2058 7429
139 9764 488 9552 4829 1053 6390 2591 348 2093 306 8287 6765 7 427
140 9703 7348 3176 7323 8454 4708 2333 526 2961 3923 2406 7205 7647 6134
141 6892 17 5608 1212 9401 8027 1038 9098 6426 3522 5122 3023 4901
142 6349 7030 40 3976 3054 335 5202 9074 5285 8307 8097 3081 5326
143 4541 3612 1385 3363 3230 7442 3988 6556 4502 5506 4863 8177 5372 3673 7419 4586 583 9004 6049
144 8876 164 7452 6520 4351 2048 2291 8013 5918 9770 4660 876 6613
145 3423 6103 7089 153 3449 8511 8419 8032 3285
146 9981 1594 8839 587 9306 8093 8296 501 5503 6463 1515 5097 8005 9007
147 2592 2258 6818 4902 4942 8682 6616 4049 456 5445 4352
148 6398 2861 282 6581 3287 6870 2276 7428 5041 774 8920 8994
149 2934 1415 3563 5541 6563 4774 6245 5150 4192 8411 792 1860 8908 2058 1429
150 5816 6311 2326 4607 2853 5744 3479 5657 7878 8915 2199 5716 6153
151 9949 685 1320 9312 7918 1797 7796 2256 1587 9712 211 1684 7012
152 4366 9589 5334 5391 2863 9520 5955 1575 5651 7518 8686 585
153 5431 5393 2658 5242 5967 5464 5388 98 7909 1121 7699
154 8783 2251 9073 5669 6279 451 9116 5868 1366 4209 7198 7883
155 8464 6289 1892 9701 377 270 1135 7231 6831 7362 9555
156 4421 7144 1064 5402 172 8155 7522 5297 9698 8966 541 7902
157 96 7639 4972 6552 3920 2381 6641 2915 8457 3837 9377 7126 1292 8134
158 3486 6786 1600 144 3167 3388 9939 7589 4943 2821 952 2346 5397 9443 2643
159 2757 103 6185 2637 4858 8083 8291 8041 1941 8405 5748
160 4391 6897 957 5709 7257 4184 3494 2688 1501 1119 9311 3119 7240 6613
161 1431 4028 1978 5971 9812 7011 4775 6872 130 4728 9545
162 7249 8996 7565 4555 6031 7250 737 4393 1430 6633 1833 7706 6920 3074
163 5214 6985 6113 4851 7466 7390 9200 5057 3832 3646 5471 1383 8406
164 6948 4145 7819 5739 9046 9137 3293 1086 8996 2054 4342 7769 8922 2260 1668
165 497 242 8368 6085 2864 9408 8163 1291 3005 1452 4212 4340
166 2784 9402 408 6599 4181 1495 5417 4456 9618 2568 4562 8927 9646 1524
167 5994 3536 7947 4977 5875 5800 236 5785 5216 3058 4888 8441 5063 2555
168 2493 3324 1771 5179 4330 5837 4324 4175 3986 4011 7598 218 6332 1216 5064
169 4238 2183 3309 7352 9014 7697 2843 6507 5246 6481 9333 4913 9273 3103
170 6723 6249 1735 9698 2465 1610 274 4100 3559 8552 4107 6938
171 9748 7603 7502 6138 1807 9861 3897 4896 8779 3186 2698 5095 5848 3894
172 5753 9627 1385 181 2188 289 4250 9616 3271 3106
173 936 9104 5146 1863 3094 3780 2594 7222 8027 5966 9979
174 759 9947 1127 2185 3919 7974 386 9528 4666 2431 2807 600 4034 2109 4890 4060 9709 3004
175 9308 8834 7560 2104 2020 1045 2226 5343 4608 4548 3284 9666 3704 4418 742 1934
176 258 6389 7808 6147 8037 720 4065 4373 4130 3474 8668 420 8491
177 3417 4024 6145 3130 1168 6973 7682 4445 3505 7038 417 7960 1241 1649 3022 782 9848 3877
178 1423 7491 4992 2587 2700 3215 6707 5032 716 1943 4786
179 3473 5416 2418 5336 95 5456 230 8969 1411 1071 3964
180 1732 1701 8529 7213 113 4760 3212 8558 6644 5173 7092 9545
181 4669 6278 2956 6209 8463 2021 6891 7608 8945 3048 4977 221 3032 9533
182 825 4790 5439 8080 4898 4597 8661 6254 7183 2573 677 3935 6785 4234 6692
183 6 1844 315 141 2234 2862 2046 2159 8256 5957 2673 5849 7519 9244
184 7112 9942 5744 1035 3617 7047 7978 2794 4160 4128 5996 4004 6101
185 9087 1165 2807 6125 5823 2660 845 7148 5252 3314 9795 3841 7733 3377
186 6230 7783 6395 5799 3698 291 3591 4490 9451 3079 7120
187 3870 2108 8139 3628 4996 5037 890 4771 3131 2983 9299 5880
188 2989 1947 6557 916 7550 2558 7376 6589 7447 8887 8227 7120
189 7239 587 3589 6618 320 8577 1074 4486 1742 8297 4034 9244
190 3428 9297 5180 8378 5704 9109 4706 5623 7760 5637 1951 1281 9301 238
191 1643 4166 7685 9980 3759 169 6477 9670 7919 5962
192 9904 8648 8777 1827 3534 891 1918 5065 5675 5247 4606
193 252 8918 9516 6883 5734 9792 9146 8502 1889 2492 5548 2374 3821 1081 6305 4020
194 4840 6908 2507 8295 8040 5231 7471 5191 1630 2191 8812
195 7577 886 4476 2306 7559 7435 2153 8967 3733 9005 2028 9075
196 426 7581 4478 421 3208 6260 5512 4734 2576 6436 8445 9139 1534
197 2566 5204 9497 1155 2669 3483 2122 4333 6083 8775 6537
198 1334 5730 2040 8 3018 5735 713 7034 632 8272 1869 3982
199 7143 4338 4450 6380 6531 3603 644 9987 1935 8801 8499 5534 1134
200 5815 5374 5001 6935 1509 8221 170 4927 6994 1303 6825 792 3158
201 4043 8818 3627 7264 1999 2968 9093 6710 9034 206 8325 6538
202 6151 5568 9745 4203 6300 4103 2706 4118 8995 3516 232 5780 1670
203 5355 7401 2521 5602 7695 91 1177 2148 9771 4348 8189 5437
204 2134 6015 293 3470 366 2834 401 7388 3441 9873 8273 7997
205 2864 8949 5729 5575 5380 8724 7230 5589 4109 535 3675 7049 4660
206 5481 4136 4578 6452 4099 4404 9598 3216 8532 8619 1963 5400 7699
207 7235 124 3946 1096 2931 8138 6840 2129 4324 538 5740 8212
208 5644 446 5900 8460 1089 3469 4094 4837 3185 1127 7147 7845
209 9715 1151 985 6490 3990 8964 3028 9009 4070 4538 4805 7856
210 2188 7480 2221 1582 9811 5148 3809 9927 798 7204 7413
211 7757 1629 5770 2627 2402 8460 4781 6839 7433 6350
212 2130 7528 2296 1809 5750 9103 330 6319 6075 139
213 7378 330 8405 3457 3159 7971 6937 8596 1576 2449 6774 8606 4252
214 5943 8692 4309 2592 6427 5364 1603 8864 1889 9011 5090 1780 896 6827
215 9061 6090 6843 3149 2267 8237 8382 9238 7654 4411 5446
216 2975 2015 9534 6996 2388 3097 2531 7312 3201 518 2752 7434 3936
217 2173 9537 8244 1229 7393 6939 3476 2329 2034 7142 5062 9682 5869
218 6801 5693 5395 2925 874 2360 7743 1113 204 8525 9129
219 5130 378 6183 5321 309 2048 844 1234 200
220 2027 4111 9246 3196 4434 150 8150 5739 2436 3409 3836
221 2401 9018 5830 25 6407 1654 2399 6265 9476 7274 3541 5507
222 1550 3227 2244 7174 7983 7463 2894 1205 6233 4214 8934 8151 3565 224 6060 647
223 6238 7972 2725 7532 5935 4981 2203 3647 3595 9757 8989 9518 5677 7438
224 571 8851 6328 1637 5468 3063 1102 4663 9490 3044 3225 1496 6101
225 1841 8752 8429 3109 5999 165 8151 4921 1040 6086 5292 8176 1183 5093 468 9228 4501 4020
226 4414 8435 2778 3281 6002 8453 9775 1874 3264 5790 1926 477 1058 8005
227 6760 3279 6896 4095 1796 8197 2473 7933 5636 5921 3221 1835 2448 9216 3104 3146
228 2941 287 2954 8351 5324 1757 448 767 1883 898 7385 3081 4855
229 7784 511 6483 4817 9211 9515 5945 5153 5938 5254 3803 2804 6778
230 2539 4588 1825 4842 158 1425 2788 512 661 9039 7708 8849 1429
231 1094 4002 2194 8088 3512 9089 1493 4329 6500 8549 4844 3164
232 7427 4084 4422 1500 8448 6926 796 3683 133 4037 2426 9264 2097 5262 8618 9139
233 1981 1461 4179 6989 5633 5078 8079 4054 2094 1574 4996 6600 2518 7751 6101
234 1406 3490 5509 1080 1572 6318 3291 5291 5328 5172 7936 6709 726 1050 6631
235 1452 5426 296 9516 4938 5540 8642 9210 7448 3104 1685 8685
236 5358 6142 3358 1433 5792 6673 6654 3224 7884 930 365 2209 7699
237 7175 2940 6055 835 5806 3092 9514 3278 6179 3683 6285
238 6346 2239 8230 2702 2564 6051 2391 188 6966 766 38 1246 836 9090 9688 1083 9013
239 5249 3829 7703 7309 2661 3600 4051 923 4066 756 7210 5341
240 3466 1002 1906 9253 3454 6925 7718 8030 6394 4823 3714 2474 8614
241 6979 7725 2895 3152 4100 8879 626 1494 7091 5991 4453 7040 3567 9465 135
242 5404 9889 8437 6901 4891 3332 6720 7792 75
243 8681 3994 2647 2083 3734 8536 2120 4633 9304 3917 1343 447
244 8430 3357 6952 8517 9020 830 4650 2695 9374
245 3205 8873 9237 6027 4274 7327 7816 2736 2867 3521
246 5442 3524 7873 656 841 8762 1564 3154 2443 6231 7721 7736
247 5421 7196 4033 9694 9059 6140 6448 7516 8301 1787 4616 7289 2422
248 1173 2734 5369 2172 29 6707 1075 5858 5058 7856 1942
249 7461 7460 895 2918 5536 9192 7662 7305 3105 2884 5867 425 9205
250 6374 7417 4656 1270 5690 6733 6784 9629 1186 7524 6986 7296
251 1896 66 5578 4908 9783 9401 3550 5959 9278 5998 6001 1731
252 3876 1609 67 7851 494 4737 5759 2980 573 4158 1306 5746 638 4901
253 5703 1038 7877 9566 5124 8952 6274 3578 1832 4723 176 238 3758
254 3136 2119 8904 398 9370 1916 4554 7389 6476 4178 207 7282 9969 4011
255 8531 9841 6107 6290 6527 2273 4098 9503 6392 6836 2340
256 9723 3655 9410 5438 7175 142 3108 3939 1988 5745
257 5606 4721 7799 5523 6177 7007 7733 2614 743 122 960 8455 863 6903 9197 6327
258 7537 5676 1618 9513 5323 7356 3055 3638 6987 8617 2038 778 7806
259 8271 1714 1098 8603 9506 2680 7868 5883 3878 7980 8054 352
260 8867 5711 6546 1585 7686 6878 1927 5967 4564 3507 7791 5340
261 8638 6943 6320 6381 9472 5016 7772 41 7143 6375 3607 5448 9138 8716 2643
262 9524 2045 9746 3140 328 8236 7785 8088 7667 1016 1613 3163
263 6557 107 4012 4498 7204 8672 2399 801 6906 7481
264 1755 7248 3492 9408 7661 4987 654 4403 9256 8068 1871
265 5628 5469 8449 931 32 5298 8917 9984 2332 432 2155
266 313 2142 6739 1160 6169 9978 5480 2464 2445 7531 22 1174 3830
267 7665 4708 8639 9071 9911 2605 2672 8017 5619 9125 3520 7543 225 9600
268 9239 7313 2438 978 1000 4198 8984 8568 1892 4966 9182 1754 5175
269 9418 596 6401 1139 5632 6933 5897 1808 4778 7098 8059 5198 5027 5964 7018 7439 4801
270 8515 5549 2017 9336 9254 5229 3678 8082 5991 7655 7254 4855
271 3315 2546 2272 6937 2226 7293 3658 1532 3272 5407 116
272 4039 4802 9341 1251 3477 7227 3568 8285 4144 3375 1393 705 6603 9990 7732
273 2311 8962 4894 9417 1550 4628 7214 100 1235 6354 7234 2327
274 191 1894 5160 6906 3606 1572 606 6384 3340 3064 4372 8371 7664 4527 8491
275 7776 888 4554 2174 7277 6879 3769 8743 2910 2146 6797 3602
276 6476 810 7825 3686 3286 9674 4712 7140 8317 9261 6082
277 912 1856 1605 2924 7027 4380 8147 2225 4277 2026 3461 4951 3219 6623 3427
278 2063 4825 1407 5841 4162 7124 6947 9971 6714 6838 6812 1476 3316
279 8568 1319 6899 2115 5975 9416 9975 7273 2816 5447 5609 3842 3528 6827
280 9153 4123 8884 7322 8567 2888 9079 4297 297 5948 2685
281 3674 3876 6264 6659 6485 117 8252 9034 6861 2164 8294 2973 6530 3210 7304 247 9349 8284
282 8676 8829 3037 9360 7225 7801 1228 3891 90 6884 5775
283 1745 8972 1507 2029 2935 4465 2279 853 3047 8491
284 8655 2468 7485 570 1644 2775 4101 750 1758 2445 9464 8812
285 5733 3526 7694 2116 4363 2362 3425 1544 7373 6098 9149 5995 5341
286 6180 6420 7689 6674 9551 3993 4799 8114 5686 929 5985 6226 4528 2158 5307
287 7315 9070 1634 975 4096 5282 7501 8847 2693 4361 8644
288 9926 9042 1907 5268 2665 8521 7418 3410 7072 1995 2677 443 8406
289 4856 7526 1622 3799 4154 6165 2205 3162 9640 5488 1642 7880
290 7284 73 9912 4605 1374 3912 2789 7946 5045 3763 9867 6351 5997 4531
291 8388 8445 6298 8496 2454 6220 4976 6004 7228 973 159 8423 5964 3173 1904
292 9541 6364 5531 3923 8417 9475 9992 7470 5661 4488 2162 355 8958 5993 6295 9453
293 1082 155 8797 2076 7326 2319 1590 6542 7951 5940 8986 8601 1066
294 2797 1437 6372 4881 811 9367 7368 5106 5023 1839 3380 1412 7391 2858
295 3059 8980 1713 3169 9452 3254 9041 6501 1140 7178 8174 909 5185 712 3395
296 2519 5032 2610 2117 738 8215 1799 3139 6803 219 6139 4313 1948 475 3243 7883
297 2675 8879 2073 6461 4157 5296 4601 9307 1315 5186 9632 4362
298 4319 7022 3319 3912 8224 5085 1003 6432 3177 1783 4343 1134
299 7115 3312 9721 642 9650 5344 8749 3635 8630 1481 8019 94 4172 4314
300 4573 1288 3977 6118 8871 634 2960 74 6491 4021 6726 7048 7392 1353
301 1241 2236 1842 8901 6081 2534 31 4882 1226 3942 6192 7486 7240
302 2238 8872 3034 1444 6755 2691 6497 19 8858 8887 8487
303 8096 9952 5613 1725 214 878 6600 1475 3807 9961 1358 2121
304 3693 6560 1461 5166 6951 1924 9937 9500 1653 5271 4202 9451 9003 4679
305 3451 2838 4518 7441 4751 3321 5206 9728 5185 8174 5643
306 8764 3968 829 1158 9582 61 8586 4441 2897 4915 8045 1479 438 5895 9404 569
307 8642 419 5813 2314 6782 6748 3787 6649 726 4246 991 9075
308 344 9314 3766 1362 4187 2157 6038 9509 5505 7200
309 4231 542 4729 9250 3368 6340 3353 4010 3266 8622 2265 4311
310 2331 210 7680 5319 4803 3318 2457 5640 9390 2074
311 7520 2845 77 8562 7862 2455 7081 2765 6893 4345 2732
312 3068 2190 6244 3302 548 5882 7965 3211 4185 8576 7410 2978 5219
313 8098 4481 8553 2785 4899 2219 6494 1994 9123 876 9461
314 6208 3067 1743 9492 4506 1093 2334 856 2286 7180 8105
315 9499 3657 8504 171 9249 97 9217 8080 6405 2201 650
316 4360 6120 5293 8441 913 5158 333 203 7365 7138 1705 3220 9903
317 231 5023 9081 8889 6683 7328 7678 1987 2813 5091 6214 4378 6296
318 884 4348 298 873 3510 9831 2084 7994 9184 7925 2887 8486 7822 2019 7883
319 1664 2334 1073 4955 5760 197 114 4522 3408 2013
320 4846 8176 4455 8124 6791 9019 7578 7436 824 5502 2274 894 1719 6538
321 4609 616 2313 6389 5394 381 8578 1770 2649 3770 5771 7216 4299 8696 7732
322 3421 9280 9025 6506 6111 9641 3953 9275 5555 2979
323 1269 6544 8196 9000 93 8077 8607 6354 9787 9306 6324 1905 5660 7713 745
324 181 8415 3957 8221 948 7023 7119 8115 1492 8611 2392 5795 8687 1083 8663
325 9882 1545 5109 506 8576 9356 8393 8473 9918 4286 5437
326 2541 9170 5271 2952 4392 7010 7700 5389 7336 7438
327 5518 6308 2514 7127 8347 3187 7830 5155 1589 2182
328 4511 1099 7546 3915 995 8886 1324 8003 9219
329 8767 2830 5870 7773 8443 8683 9739 9635 6301 7657 4514 3292 2612 1542 9990
330 4062 8898 3367 4696 9811 215 409 8250 1368 7243 3113 8043
331 229 4636 4611 6601 6480 6393 5884 735 6182 9866 1710 2437
332 4024 3817 9054 7802 4310 3450 3003 5939 2457 89 1720 6226 6758 3752 2340
333 9718 4186 5127 9006 3562 1221 4509 3726 6117 5103 8396
334 6936 4736 7605 7553 2980 6457 8379 6901 7538 1674 7162
335 3062 7160 4576 634 4025 3785 8621 809 4847 6838 9761 2633 8431
336 8322 8677 7155 6571 7432 2563 5301 5147 4749 2584 6695 2735 3496 8116
337 762 6439 6637 3387 6449 3383 3821 2490 8991 3571 883 5433 1846 7992
338 6088 5235 6539 1558 1960 5157 8527 514 61 4944 8245 1471 3320 1238
339 3016 7788 4910 6411 7222 653 5629 6388 7292 9183 8761 5869
340 1864 9612 4865 9530 9644 4113 559 4836 687 8091 3397 8414 4020
341 681 4267 9359 1376 4217 1169 6106 277 7579
342 933 5747 6738 2671 6183 7847 4079 4701 5893 919 1878 5654 4357 977 1256
343 7867 9035 2434 7543 599 5287 194 3929 3226 5758 780
344 3188 2198 3416 6273 8398 7287 7619 1014 3260 964 6188 1560
345 9693 7076 1804 9773 2566 960 5424 3656 1408 9800 84
346 9462 5411 3682 9180 6914 923 1345 5337 8929 342 7126 9107
347 2484 9094 6174 6632 1972 8683 2068 2868 7192 6592 6578 7169 1106 3543
348 390 5134 9967 3813 1109 285 5535 797 8602 2982 8212
349 6437 7002 7061 3815 9774 1870 4999 6035 2299 608 1956
350 7514 7152 4220 3246 9495 7014 381 4703 939 4948 9160
351 1084 9285 6575 6116 4552 8093 2953 5592 4200 6627 5339 6404 6672
352 4016 4643 5867 8744 8170 7837 944 8537 3217 4993 1562
353 1255 789 7657 9208 5597 5988 4142 8673 9710 216 7772 5443 1204 5961 6236 8830 5880
354 3934 8768 2336 2712 3347 6702 2444 5576 9232 4354 7291 1552
355 8009 7915 8152 2878 2743 626 2007 6579 7779 7423 3586
356 7691 5659 2548 811 3822 1542 509 674 5737 373 6373 4356 8062 745
357 8821 6201 2014 1022 4472 45 478 3288 8746 7319 267 8248 1871
358 4264 9606 6234 2371 2498 1275 5150 9429 6224 915 4641 2095 4528 7864 5880
359 4598 4159 6533 6217 2385 6339 4933 5890 356 5846 9930
360 7181 8723 4336 7535 2011 4750 3437 4396 1420 7029
361 7793 2325 7829 8675 6006 5232 137 6205 4415 3856 9514 1025 8145 5507
362 8066 9024 9718 5148 1459 1024 6809 1491 6660 3463 6676 7296
363 9102 5624 6188 3848 3941 9653 4859 7022 3355 3580 5026 5304
364 547 8771 3406 1332 1265 9223 1853 7489 2365 2819 2990 4311
365 5878 2307 1620 404 1881 7644 4610 4086 2977 8107
366 2753 3341 9076 8389 5162 3744 5672 2590 2123 6849 9777
367 1933 7341 6455 7357 2756 1708 3711 9801 6732 6701 4170
368 2701 8573 6056 7371 345 382 1367 5789 8024 2067 5318 3753
369 3650 962 8740 9756 2285 9797 8718 2763
370 3743 4142 1012 5205 5809 351 2683 4339 9892 2615 569
371 9561 6517 9624 7350 9651 3656 8787 4744 9737 5075 3251 6044
372 486 7405 9766 7745 2081 5647 2376 7832 4766 7166 457 1401
373 7584 7360 1513 7539 3021 9308 3761 7490 6010 3814 3728
374 5077 1584 1483 5972 7915 235 1097 9450 9474 6306 5322
375 6108 919 2488 4479 8100 5137 9867 3625 8687 4377
376 5530 5302 9446 2044 3270 1357 4687 4383 9163 8692 1846
377 1646 9509 294 1054 6917 690 7288 490 2901 3254 4402
378 281 4075 8736 6703 7391 284 1602 678 3147 8564 416 2269 4230 2052
379 739 7912 461 4960 2848 3622 9085 5533 6679 2012 760 4494 1429
380 8554 1990 6555 635 5622 3699 7437 7637 2133 3955 8460 3354
381 6696 8811 3822 2378 5004 4953 8065 1013 5594 2170 9704 4397 4526
382 9876 5851 3255 4496 7824 5515 5596 1144 580 2451 6687
383 14 7407 9202 6484 746 2271 7416 2102 5662 1528 3775 6468 3717 3020 9573
384 5104 8902 9593 5853 1376 5002 2687 2320 5944 8587 5143 2810 4739 745
385 1538 2572 3191 388 3791 1033 773 5832 6598 4567 8307
386 757 131 6315 9663 9334 9544 8990 8505 7928 1116 1377 4081 6611
387 2243 2419 2961 1271 4712 7327 3922 5531 80 5007 872 5064
388 2191 78 3828 9289 9037 2243 5378 13 4762 9943 1540 4086 1557
389 7354 453 5681 9967 3873 4687 8788 3818 6293 8114 6962
390 1837 4090 4506 5706 4138 5436 4484 7116 9411 2781 7782
391 2078 4732 3831 8381 8689 6530 594 6661 3086 2724 5572 4035
392 7107 5590 8173 2394 4838 4697 3407 4294 146 7599 796 4400
393 9380 6429 9885 9664 2920 5820 197 6160 7576 7836 4671 697 8832
394 5057 2450 5225 7564 7498 3082 2282 3396 5873 5138 912 6360 4639 6547
395 8669 2218 2216 9869 7889 8596 7831 6236 7128 2993 513 1375 4035
396 2244 1002 5966 5422 9898 7985 1917 6016 3091 1982 4274 4117 4912
397 651 7778 2982 536 5981 4674 9118 5281 7887 7142 2114
398 6434 3220 3890 802 1089 9887 3721 9402 7086 8894 7911 1056 6681 3343
399 6159 9626 217 9454 7073 5184 192 8556 1571 7285 7413
400 5387 3991 1318 3015 2894 4131 4467 7096 3455 1462 8965 574 3111
401 864 7955 9522 5357 7609 5452 9437 6441 6469 9733 6030
402 2717 1159 2429 2471 5579 6949 8335 3811 9099 9539 8947 310 2125 5141
403 2716 1932 9285 1359 5698 5828 4316 5325 1795 7121 8331 5413 2900 3125
404 6539 8249 8945 9326 1453 8057 4032 2106 9736 3135 6445 6499
405 7136 2804 7067 34 3911 1549 470 3998 9108 2066 325
406 2877 2297 9491 5182 9657 7735 8888 4848 9479 2855 3875 7172 4055 9607
407 4789 70 3570 1917 7999 9145 9952 4614 3523 6817 2652 6258
408 8707 3508 1063 5563 5837 6876 7394 8970 9096 9667 469 9199
409 9473 8974 2657 3200 6206 4290 8424 946 4870
410 6515 1724 8557 6973 5144 3296 8034 7898 6521 1092 2858
411 7908 5296 3339 6512 3078 5915 8247 7372 568 7805 5925 2383
412 3245 8271 2573 4623 704 4118 9449 3418 4507 1111 6875
413 7443 2826 788 6694 7351 5427 2210 8549 1436 7386 4401 475 9848
414 7936 8200 7528 8748 4692 8199 3970 4895 6114 3294 417 3750
415 6093 2912 4621 7964 4521 2348 3780 2767 2184 9510
416 2823 4707 6489 7275 1330 8447 733 9985 4050 9243 8947 5768 732 3836
417 7967 4053 7866 5128 6628 7768 2726 4729 1667 5639 761 4531
418 8074 3884 3546 1988 3357 6227 649 5611 8708 4313 7240
419 1193 3426 5517 3038 8469 6522 4149 8024 4024 8693 8844
420 6230 2290 3975 6288 8026 2641 2090 4536 8042 7859 917 8770 2898
421 1474 3257 326 9779 9980 8914 7006 7938 5269 2057 8832
422 6218 1937 9207 7403 9900 6818 3725 1764 4809 129 1741
423 6794 5799 9621 1531 8621 8579 8581 6540 799 9213 6523 4748 6615 7517
424 4281 8597 3544 4940 2386 3860 6861 2416 3175 4559 176 2533
425 3587 6974 6614 9997 7388 1973 1464 9560 8976 5569 3651 6652 5862
426 3979 2425 2497 3551 6612 2585 6590 5977 6170
427 1243 7113 9033 5598 851 855 3569 6383 9050
428 8303 3695 6109 9909 8620 2874 4547 6519 1415 8589 6528
429 2694 1321 9358 6399 3610 3666 7663 5743 9587 1026 5605 3758
430 6309 9302 8168 59 2415 324 3525 7764 3227 6645 9135 1175 2439 8193
431 4158 9519 5908 6010 2253 7397 4862 7963 2155
432 1902 3791 873 5309 5195 2061 2999 7986 6091 3023
433 5976 505 623 7354 9022 8819 5524 8404 3491 4928 5458
434 4722 1516 1735 4877 4201 9100 4571 6835 3207 139 2327
435 9872 2719 9436 4412 5705 6740 7723 8464 4628 1901 6482
436 3286 1469 3014 7009 9310 2516 1909 7797 7563 8350 372 6503
437 9091 8497 5812 8334 2950 5465 6048 5086 4315 6715 325 2790
438 6204 8432 6796 4003 934 4319 1106 7574 3687 6927 862 9290 3226 139
439 3403 7194 4293 4482 6131 9418 5806 8693 7681 6450 3404 2771 5826 4176
440 5904 8438 2829 1268 748 5245 1278 7750 8013 8710
441 2086 4040 118 8730 1337 166 7003 8975 4522 739 7671 8062
442 8401 6603 7275 9829 392 3959 1036 5227 5135 3596 8569 6406 220
443 4925 4300 4545 7573 601 5208 9816 4574 3490 7299 8636 3786 3129 557 9129
444 9906 7191 1789 2635 3552 2440 7359 6559 6708 2102 8319 9387 1611 8293
445 3220 7958 385 9222 9613 9893 4952 94 8146 6757 3910 9467
446 8997 2772 9660 6533 2840 6858 7444 4497 7922 2239 6922 527 9224
447 7346 1912 7623 5497 2245 5536 1417 8501 806 8733 3376 6547
448 3382 5346 2885 9065 5079 3654 577 375 9166 6196
449 8725 2421 6562 4963 9482 400 2520 2869 3078 5060 6889 6465 6327
450 3482 7916 3938 256 3554 290 9326 44 9950 5286
451 4039 5154 9941 9891 1662 7885 5267 1394 6498 5876 9442 6061 2630
452 5040 8956 8039 1285 368 3429 4597 9268 2118 7475 4824
453 9986 9209 834 9106 428 7218 9162 3027 6259 9259 8946 2060
454 4303 9592 9974 8312 1573 5110 6079 1277 8126 6820 9965 7545
455 4602 1975 491 938 9174 2354 4576 5415 7830 9086
456 6422 3773 9662 5754 8880 9449 7199 316 3329 3234 8036 761 5899
457 6632 7208 4727 9658 5603 818 62 5181 5367 2846 1206 6270 8293
458 2495 967 615 5514 1178 1426 2731 7097 5118 1472 6516 858 5910 5458
459 4465 3680 2559 3574 7853 171 1663 4553 4558
460 5197 4121 6133 5255 837 4631 4382 290 5092 5655 2057 2904
461 6047 1199 4700 6725 6321 6596 230 5667 5663 1381 5917
462 5167 3805 3145 3056 1745 8809 5539 3849 9787 1787 6263 6640 8015 1763
463 7217 1549 9141 6234 8216 2865 5320 2863 836 2578 2166 1133 2650 8841
464 1249 3995 2193 2549 6096 9432 1062 9587 9459 2773 447
465 5335 2541 3009 3929 6403 9768 3840 9567 8552 5520 2839 6045 5132 8248
466 8766 3052 7512 7741 7656 8117 6336 9911 2623 3888 871 4844 937 5784 2340
467 2039 3722 1286 8741 7649 5428 6211 5631 1595 8943 7786 3006
468 9824 2080 6704 4284 5120 8715 5874 562 691 6459 511 7413
469 1441 1011 7766 8545 4617 7286 3738 5442
470 4950 2330 604 1902 3664 3649 2710 3701 7593 3052 3022 2745 5507
471 554 9119 1414 4905 5546 6814 2087 4292 3644 7108 2894 55 6376 2729 8375 4129
472 4861 3344 2586 8884 5139 5635 1368 8128 2051 4616 6737 9404
473 7366 10 9376 2644 8467 2110 8066 8267 1455 3346 422 2653 2943 3758
474 2092 7613 6895 2793 1925 1146 7909 460 1119 590 4967
475 4386 2215 8866 5847 3662 5415 4546 3850 1461 6173 1375 3885
476 2590 6348 7763 8758 2696 2368 3338 7411 1163 9835 794 3064 865 1117
477 9420 7594 4261 7822 1608 8186 6546 7758 6023 4416 6771
478 4018 8482 6446 7300 2774 705 3203 2733 1935 578 1490 3362 9493
479 5459 6081 9687 1005 1115 7258 6440 2380 9331 8904 329 9940 1289
480 6800 6005 2575 2600 3590 2472 9519 7601 4880 8398 946 1800 3700 300
481 6368 343 64 8658 3047 4218 3660 7106 1450 5161 1569 3795 3665
482 8595 5927 336 9872 8203 437 3058 8485 3812 1848 1821 5048 3190 7519
483 6688 8468 1884 7503 2603 3605 301 7184 4808 5584 3008 7088
484 2372 936 3099 4998 9614 1142 8195 3883 6416 5804 6013 8824 783 1287
485 9802 3235 9729 6062 1537 4593 2124 5120 4888 8478 6625
486 1914 2582 1626 5642 9523 1954 7977 6097 8961 3812 9080 110 3077 9075
487 2472 6184 1857 7450 182 1693 3165 9362 2075 8612 3303
488 4976 591 3237 9118 4689 8164 5694 193 4207 552 4901
489 3391 2294 3282 4612 3562 6856 6535 9131 826 9077 7433 3077
490 1049 4474 9707 970 2468 1230 7058 9743 7294 5593 3255 9167 7899
491 5835 9558 8142 6092 6529 4961 2502 6887 1850 1523 3240
492 1128 494 1819 2148 9482 1618 9295 9320 3916 1761 7331 225
493 5236 9142 9420 8587 5347 8201 8572 1729 3923 523
494 840 7670 95 7060 4218 3086 5370 6569 549 5698 2818 5833 7998 1979
495 6764 3707 9123 7408 1460 9844 3391 186 6276 6448 5767 1299
496 6282 4713 5077 6806 2283 7108 8597 592 195 8897 6515 8332
497 6727 7010 4652 9568 7817 5255 1218 6069 4279 8896 259
498 6043 6056 4681 2126 2888 4720 9110 2557 8755 3781
499 3440 6965 9019 2766 3907 5878 8510 709 5909 4886 1984
