100
0 242 14 4189 29 2378 115 440 154 424 26 232 37 1191 7 64 1107 3054 12 2108 8176 88 127 28 23 944 2426 25 1809 450 68 467 16 554 869 2076
1 2 4651 600 0 6 3626 91 113 4291 5227 70 530 2382 1290 133 135 32 496 3 4535 233 64 140 892 201 227 757 49 200 14 583 1958 968 138
2 0 2367 3 67 317 4 8 28 2 5 1 12 14 1866 31 4911 71 34 799 36 191 7 728 75 494 283 77 1738 19 4247 9 355 9584 1502 1737
3 14 0 1 308 63 27 9 84 618 54 208 1321 18 349 29 177 183 1624 79 1506 5 1131 56 3 3545 72 33 1260 739 49 844 291 1127 3097
4 0 3 8 2 1 93 371 153 16 217 15 85 9 299 58 3476 1229 8912 111 1250 27 54 7451 14 474 72 6 227 5245 64 9219 48 37 63 3975 1310 1482 7055 1502
5 5 726 1 4 67 3 52 11 18 158 2 47 579 110 756 51 26 197 36 732 16 116 170 7 6224 25 75 296 21 147 41 187 148 728 1310
6 1410 18 3173 1 560 20 5 3532 71 4 25 8601 3 7691 2 110 295 100 80 66 19 26 174 0 320 37 1279 240 4529 404 867 2264
7 17 23 101 5 1170 0 3 68 18 2316 435 2989 14 3935 9 116 2 8909 4 141 45 5974 843 677 41 902 13 623 70 168 1665 1039 725 583
8 378 476 3506 423 4287 81 11 225 604 816 17 82 3725 749 921 110 3666 39 58 703 46 67 134 27 422 120 65 93 56 1056 1780 80 3772 183 7056 26 7866 1343 8080
9 60 719 5451 2 2381 5 9 6038 78 74 1 14 445 30 0 7 59 20 79 197 3898 32 113 68 57 483 108 160 12 1257 2216 64 2325 8 1571 184 6304
10 0 370 3 31 151 4310 1142 4 16 1 831 7320 137 6 803 4387 159 5667 2 878 37 68 182 95 659 8728 7726 426 609 5747 111 94 237 2660 549 14 708 621 583
11 29 0 1360 66 5 1307 4 919 9740 1 1634 18 42 2 6269 6624 16 9 1645 4304 4625 35 25 8 67 3271 53 11 104 5165 60 15 399 175 303 155
12 40 199 16 389 258 1199 1867 20 301 829 11 623 52 238 70 113 1 87 393 43 15 145 3 3724 17 801 6691 5 28 8 50 383 1623 368 862 2153 583 1263 1310 1502 3756
13 852 1 5 1869 12 8687 1229 1109 6 7202 29 24 2384 1924 43 41 3099 136 48 16 60 7881 4723 4766 160 78 63 35 74 919 2653 5336 2264
14 240 1 3369 13 33 665 0 941 3001 311 23 68 99 9512 1004 22 61 155 282 21 16 6 27 580 137 254 726 31 552 39 876 7328 8 243 7918 138 4371 2153 621
15 43 0 7 1 24 2952 290 214 641 29 535 8 85 6 14 2 98 44 4354 753 439 68 618 2491 274 10 9 5 4 18 1581 158 549 552 339 69 155 199 9824 977 7585 708
16 478 9837 2506 3929 226 356 381 805 51 64 8699 606 164 128 3471 142 2491 438 58 2321 822 950 24 3011 183 60 364 11 2812 263 2746 19 2857 968
17 531 56 227 223 711 17 154 105 31 2386 34 79 160 8334 2502 264 1116 321 33 4911 1024 9174 27 13 4134 23 26 461 196 2571 193 624 5450 1077
18 338 885 1857 1070 11 1010 601 49 5006 1155 43 83 7 18 454 6 166 1061 36 2165 399 534 4267 45 60 270 140 1972 5789 1112 48 465 173 290 3888 27 7984
19 2546 299 74 1428 7 0 3 154 54 234 8719 51 5478 203 216 81 232 37 279 9831 15 617 62 5618 53 7493 1419 89 1088 1687 6011 5078 148 482 3244
20 582 85 84 469 1283 1 597 11 244 0 4 69 6 89 32 3706 943 1589 185 9825 16 3632 527 5 9 1425 2 99 479 1056 28 549 152 999 121 859
21 0 399 106 2381 4 7 2 15 27 28 538 3 13 771 138 32 1 3550 552 917 577 1015 1029 45 62 190 1292 353 318 5 7161 52 56 38 4912 8 3600
22 369 5 2 3156 0 1461 180 13 500 24 12 18 7 8 3 886 1 548 5817 27 119 870 1158 476 25 233 53 2010 301 901 3738 585 36 1122 290 1737 1290
23 504 254 93 966 10 855 0 59 2454 1501 2 47 507 13 133 24 1655 56 463 599 7 2583 406 6 40 12 6882 329 1387 708
24 3878 8480 934 0 141 10 245 345 7406 83 17 73 9749 4547 14 8151 32 151 647 64 188 222 1494 1465 5117 52 7484 802 1038 48 86 6628 126 1671 2264
25 0 47 492 51 26 17 7 1416 1 12 3662 108 4204 104 9 2522 20 11 2 80 505 155 464 230 165 2770 8 48 98 7322 566 728
26 933 721 10 874 1047 161 2600 240 84 112 17 33 275 24 87 522 61 3067 1912 12 3 131 3976 30 806 89 1713 19 195 237 2890 122 114 3348 138 5381 2591
27 4 252 40 20 1869 12 464 8423 1 35 1427 136 1981 8 3406 64 9 5860 129 235 5603 4127 31 6937 6 467 204 2 60 145 176 10 191 11 1922 30 7252 7 62 155 3097 2848
28 71 300 1 6670 7 0 21 48 1041 18 20 61 53 7559 26 14 9230 38 2272 6481 3 743 42 766 6303 2610 59 158 2944 22 731 2384 28 4977 482
29 163 6924 30 26 3 15 520 9161 17 1688 4055 3894 1637 355 151 5 1301 78 1675 352 16 130 195 930 436 1622 595 9479 3122 4867 584 1 681 62 8 468
30 34 4420 1253 3689 277 918 22 1003 550 50 32 117 428 681 90 255 36 106 55 30 532 1219 9577 118 6926 86 191 653 6 490 77 399 131 1415 708
31 6 0 204 34 7 1 48 110 132 24 16 2580 4259 2 4 188 115 3000 46 14 1226 44 449 9 45 184 3 8 8473 123 7641 5 50 55 35 342 867 686 2486 5921
32 20 42 113 12 2419 72 10 733 0 1 4 4061 4345 11 79 5168 390 90 7 1318 94 66 37 228 24 2500 401 102 1501 254 206 967 5415 120 3975
33 40 905 130 110 2627 211 51 2339 806 901 2 243 1959 440 3292 341 9907 8851 20 72 701 479 5 1135 68 366 2990 1 26 111 4 37 8 138
34 56 84 251 74 24 8 1 923 309 4 472 4701 3 141 38 78 0 29 7 6166 2615 5 2142 620 46 4508 64 163 437 1188 4309 5603 6656 120 3097 1482
35 5428 4374 35 9495 700 1585 1557 167 4 448 405 13 1721 665 855 121 4765 696 5823 24 57 307 15 1395 12 119 349 263 25 43 3537 102 1830 711 2148
36 174 412 312 2647 220 1638 3447 151 159 291 729 3358 1912 7833 43 27 1032 623 525 58 501 4705 80 117 46 136 130 239 77 51 6611 3115 316 5091 554
37 60 6845 4132 168 96 32 681 7241 1032 106 6121 23 34 2328 366 192 2 155 13 287 1402 104 904 65 16 25 162 6 458 92 688 2377 1263
38 10 11 101 214 277 118 89 224 348 249 1505 40 227 150 43 832 24 573 1779 15 74 7311 215 9354 81 47 25 146 57 2371 7677
39 0 1174 67 4 795 1 92 3853 9 20 3554 3401 115 186 98 3213 17 54 7 47 1947 34 99 31 3475 212 2 387 50 160 2570 199 1929 5921 3389
40 262 90 41 46 143 13 12 39 2763 1484 458 11 263 122 14 35 15 96 297 22 242 7899 795 5445 51 23 7 581 1272 310 126 554 155 1263
41 569 54 134 11 19 10 49 154 2868 481 3 283 112 128 87 53 418 1635 140 125 798 519 487 4455 40 202 43 5661 4421 2153 2848
42 8 4 0 2 40 3 334 861 1 34 5187 42 13 7031 25 2178 3624 74 52 438 4424 247 2772 4498 26 1887 24 229 2453 176 1495 1263
43 361 112 2377 5 9770 7651 2398 75 1619 405 7770 424 3030 1382 408 1288 586 65 2501 23 127 1965 5658 226 320 38 9880 2579 3229 5415 583 1572
44 5573 98 505 8868 137 337 945 415 261 326 59 1366 651 739 42 56 158 336 174 216 526 2179 162 47 2300 293 187 139
45 4 645 46 1093 6261 16 144 32 6381 25 35 3 15 170 2625 537 6607 20 76 342 45 996 182 1085 333 675 4864 18 559 146 86 3677 6 98 1153 120 126 6729
46 8743 11 9 1 3 1098 4 152 1576 1091 0 6 14 15 52 5 6397 6869 65 12 129 71 57 2 1293 389 368 285 2527 448 4260 1028 27 63 372 968 2208 1502 2848
47 7 129 44 22 395 2638 6 175 4471 606 430 72 262 2615 6393 134 36 33 198 41 59 148 2007 2027 20 7679 107 864 28 50 3906 2190 4311 849 252 138 485
48 2179 3 3292 4 0 9 3730 1 43 2 1906 14 35 1901 61 54 111 31 49 258 10 874 6 16 12 1254 321 56 4022
49 1 11 2207 6662 1759 911 0 3247 2725 2 33 401 14 3215 479 50 6 53 1193 17 29 778 109 850 37 586 60 65 4557 229 63 8271 8270 72 3684 6165 1671
50 79 19 5 2035 0 37 4225 1895 366 9876 17 4 3 2063 24 1 21 112 168 9412 200 15 6 164 687 449 4512 240 548 16 11 3675 98 145 27 8558 155 404 3870 1184 3244
51 138 0 345 487 780 185 93 468 180 2620 297 1 5 20 127 1383 1035 9165 6 14 225 2 3 493 1063 284 81 12 155 4946
52 247 34 239 917 8166 3620 344 55 761 484 268 8050 1228 1350 85 269 370 292 2704 1734 214 41 7379 6388 2510 424 93 4893 44 2184 1481 3999 6228 850 1591 3849 708 1597
53 27 401 48 76 194 9595 22 57 50 73 55 163 1256 2814 465 161 1144 8855 2096 1045 3964 242 56 44 789 6862 1073 755 9268 309 4738 1323 888 1878 184 145 2060
54 124 9848 2400 19 8982 12 667 580 116 239 147 26 314 9424 692 218 92 319 11 2192 23 10 687 83 558 413 452 3052 869 1495
55 77 7701 2033 797 12 10 0 1 8 22 97 6 127 30 5 656 19 28 165 64 15 133 4589 203 967 58 83 175 34 31 3 173 2 9 554 138 1737
56 246 573 101 2001 36 279 98 168 225 44 6432 239 76 610 162 1148 3530 379 39 9539 266 426 29 593 3784 2138 17 69 3244
57 1271 91 5656 667 651 115 194 221 444 5280 4 216 3490 1963 2622 90 7723 7284 2747 476 260 1360 37 7260 18 778 162 2633 98 1490 146 92 184 482 126 2780
58 22 43 0 1 355 7123 46 20 107 2 21 68 6 87 5 903 9872 27 128 41 32 51 54 16 192 170 14 472 111 361 1810 57 2076 869
59 3 2188 1098 152 43 923 763 2736 878 183 6135 733 6357 150 55 169 736 684 756 38 1059 71 1156 5382 325 26 3126 103 2430 428 23 873 8149 1800 19 82 6138 554 914 1334 621 8450
60 1076 3986 789 237 48 1094 72 1519 76 6190 192 846 202 173 10 66 6281 319 40 17 261 50 30 492 243 98 199 106 145 63 5985
61 17 112 7860 10 1021 29 32 7189 96 20 679 111 40 2642 236 89 6061 821 13 368 3511 210 58 178 685 2839 714 524 4356 5262 583 120
62 608 3 9755 14 50 4476 27 10 3971 318 172 37 9087 8017 301 697 1624 2389 2642 333 2191 17 692 328 142 39 476 865 282 3754 63 3640 7559 7 6502 2841 120 1173 7624
63 28 0 68 9486 559 41 3 5313 110 316 2 17 6428 1 466 14 27 298 451 1652 3054 499 177 829 40 11 195 8 136 2335 1010 3516 20 2566 2148 4803 859 583 1290
64 5 48 6450 1266 5233 924 93 174 633 2401 25 47 794 7771 242 35 6257 466 147 366 117 19 6554 1601 144 333 849 148 6769 1290
65 97 5 9334 241 1296 71 1915 39 394 113 19 231 74 16 8970 8886 30 3860 2475 51 287 81 17 13 469 21 99 3692 20 289 1468 273 197 63 6577 138
66 435 112 2138 4654 4775 178 38 160 444 4033 15 7 986 2241 8 3220 846 349 188 59 177 115 8944 144 595 424 1902 62 125 4051 83 6239 7007 747 4347 3767 138
67 423 61 2424 2789 206 98 3649 49 27 4439 2771 1542 6773 1746 10 487 2136 111 11 5 630 267 66 51 173 466 117 3566 57 2095 532 78 277 1671
68 1215 2933 23 320 244 4594 10 861 453 80 6491 31 1202 224 33 410 1217 944 367 712 26 20 1114 124 100 1298 6021 488 359 12 3636 679
69 3130 892 5542 70 669 660 4 161 7328 244 2741 2343 3612 243 2420 3372 28 525 9148 5954 66 25 73 498 68 3209 190 557 151 3062 1826
70 6005 2 936 154 1934 19 7470 456 4189 607 339 150 816 94 7 41 6967 1878 59 593 5016 80 52 124 342 79 14 390 25 2741 1232
71 1975 284 5163 1589 817 3117 467 488 32 3563 241 113 2108 712 41 456 727 13 3969 58 34 5655 38 3828 127 1470 187 497 87 1365 138
72 185 324 227 1183 1575 947 963 1320 1099 4204 4062 197 5912 1192 379 4538 5029 186 793 405 667 35 264 4448 110 535 3247 495 19 384 14 124 863 613 864 4281 252 3102
73 35 477 188 4653 18 1022 474 420 109 2896 652 37 22 780 384 769 47 1651 1093 397 5167 114 7086 478 1229 838 170 1696 407 327 2708 550 6337
74 330 100 89 5710 730 33 659 43 7296 30 6962 101 144 55 45 40 76 118 41 162 4591 88 7114 348 86 352 36 67 242 85 120 869 708 138
75 201 7752 38 204 45 29 103 567 2948 95 43 6203 1233 1180 628 131 443 841 955 1032 615 13 102 960 91 1071 5064 710 654 5248 150 178 611 2787 355
76 2446 56 7749 1675 777 1 2 4588 0 24 86 452 36 4884 18 678 367 691 208 1540 132 11 9 477 97 2364 14 71 16 22 3761 1602 7264 2614 6402
77 2648 229 40 6188 7105 5463 324 4431 3561 148 354 1455 75 259 1221 1374 174 5432 66 109 7636 473 1005 313 59 185 495 195 6760 969 22 1974 3045 487 103 554
78 131 2171 84 806 139 46 13 472 44 7978 108 243 789 22 136 50 497 207 29 1151 1019 42 144 1063 113 88 30 3374 2378 168 692 359 2735 264 114 3254 9915 176 6049
79 222 588 23 54 1 19 441 10 3184 162 4773 0 3 308 26 1257 6 2 329 7 568 21 361 1465 579 67 9 8942 32 2500 14 995 126 8 968 9514 138 1482
80 82 2763 991 22 13 4 357 43 214 132 326 175 321 45 77 295 3022 3 27 934 12 8682 1921 15 4363 17 6720 575 278 63 1065
81 17 576 273 68 4679 367 1711 59 203 773 997 336 220 265 1135 137 3422 73 185 1039 225 81 23 259 860 8826 6117 9631 881 1384
82 2072 401 52 49 78 112 1585 743 11 263 130 823 276 4996 46 2465 109 140 1150 165 3696 353 697 441 313 3630 645 327 515 126 900
83 2181 6400 493 384 8779 231 109 542 9948 31 6 3387 383 6314 4129 1877 266 118 46 3162 2762 13 55 190 4312 866 3113 772 3655 4392 8 900 968 2780
84 4642 6868 660 60 11 28 2420 2034 17 263 3618 2246 24 33 362 42 7699 49 162 9989 157 738 4469 143 65 19 8 1372 3947 93 21 52 941 155 968 1737
85 78 177 39 115 906 22 363 280 75 258 162 1199 265 97 52 1414 1045 7618 620 66 371 47 114 2432 3549 320 50 223 5571 147 33 3398 176 138 4102
86 46 3364 39 129 13 102 309 1461 33 11 522 7378 57 244 12 97 4051 34 447 45 71 70 2906 1239 84 1404 87 47 9657 708
87 5534 928 21 1427 13 1248 142 5 2716 18 100 362 4135 220 9 22 448 129 164 165 1045 249 1287 4740 76 75 945 31 37 45 62 206 3260 74 612 396 131 305 709
88 929 6354 24 1 3755 22 181 21 6302 9030 535 2337 132 66 320 38 79 44 110 1209 453 170 6 1900 3552 80 5696 111 419 23 72 54 1476 1958
89 1129 214 213 695 456 1185 7777 68 3259 1902 7479 98 173 139 2096 42 261 1340 5883 1101 793 4494 3980 1910 4140 4038 2068 1473 2170 909 850 8978 583 867 3774
90 4635 104 1632 167 1034 59 115 1961 276 3043 5866 76 713 36 644 1420 328 7579 143 6651 350 889 21 6855 343 5989 2297 238 1936 2351 8 3248
91 113 64 3692 96 308 93 3842 169 542 2729 857 320 63 7818 272 255 2522 764 241 3362 1115 4259 7310 58 4877 70 1452 345 1426 1762 62 2513 2591
92 2958 43 11 2223 346 82 8005 181 61 321 174 706 6992 731 107 2600 48 5214 571 1599 311 713 157 8909 384 222 591 134 227 2824 360 28 442
93 202 40 1855 433 22 254 2130 2099 91 28 332 4222 45 49 215 1000 4319 2078 20 1269 955 200 16 169 1513 8 149 72 2506 11 2185 7234 63
94 302 1371 1558 5794 1015 5603 4556 2638 162 626 37 1538 94 95 223 422 997 112 2281 226 56 323 128 1116 4509 26 169 901 243 282 3398 63
95 52 39 19 1962 276 90 107 528 141 25 1993 561 28 33 313 1732 13 34 842 1105 73 294 957 480 126 80 96 562 321 2599 9365
96 1422 86 383 1692 341 253 484 1887 110 96 464 193 80 635 2340 36 1992 2102 40 1265 2370 4409 442 263 332 1892 488 378 26 238 200 308 2547 1751 709
97 18 1 0 3 727 7 85 47 6 673 38 24 54 225 21 4425 129 9 4 7457 6341 3295 11 12 50 115 2 36 23 518 31 30 5708 139 2614
98 1423 1 4711 15 2712 38 4 3064 307 51 0 6 395 5 921 14 57 3083 18 75 30 1069 1732 2 166 3 39 88 355 7717 494 2546 6608 6008 3849 3097
99 21 81 39 722 1365 12 86 82 76 1593 1328 4360 6772 4615 1557 1179 23 32 5261 281 98 439 20 539 2006 14 3501 1327 477 118 40 1251 546 962 843 594 3697 325 583 1334
